<?xml version="1.0" encoding="UTF-8"?>
<!-- Generated by org.testng.reporters.JUnitReportReporter -->
<testsuite skipped="0" hostname="Vaisagan-PC" name="sbi.testcases.tc01_logintest" tests="8" failures="0" timestamp="2020-09-14T11:36:19 IST" time="34.572" errors="0">
  <testcase name="tc05_createagent" time="6.394" classname="sbi.testcases.tc01_logintest"/>
  <system-out/>
  <testcase name="tc07_personalinformation" time="2.002" classname="sbi.testcases.tc01_logintest"/>
  <system-out/>
  <testcase name="tc06_savebasicdetails" time="3.725" classname="sbi.testcases.tc01_logintest"/>
  <system-out/>
  <testcase name="tc02_enrollmenttab" time="1.357" classname="sbi.testcases.tc01_logintest"/>
  <system-out/>
  <testcase name="tc03_searchagent" time="5.997" classname="sbi.testcases.tc01_logintest"/>
  <system-out/>
  <testcase name="tc04_createagentoptions" time="3.392" classname="sbi.testcases.tc01_logintest"/>
  <system-out/>
  <testcase name="tc08_savepersonalinformation" time="9.483" classname="sbi.testcases.tc01_logintest"/>
  <system-out/>
  <testcase name="tc01_login" time="2.222" classname="sbi.testcases.tc01_logintest"/>
  <system-out/>
</testsuite> <!-- sbi.testcases.tc01_logintest -->
